# JRE version: Java(TM) SE Runtime Environment (15.0+36) (build 15+36-1562)
# Java VM: Java HotSpot(TM) 64-Bit Server VM (15+36-1562, mixed mode, sharing, tiered, compressed oops, parallel gc, windows-amd64)
GC Precious Log:
 CPUs: 4 total, 4 available
 Memory: 3964M
 Large Page Support: Disabled
 NUMA Support: Disabled
 Compressed Oops: Enabled (32-bit)
 Heap Min Capacity: 100M
 Heap Initial Capacity: 100M
 Heap Max Capacity: 1G
 Pre-touch: Disabled
 Parallel Workers: 4
Heap:
 PSYoungGen      total 24576K, used 12260K [0x00000000eab00000, 0x00000000ec500000, 0x0000000100000000)
  eden space 22016K, 54% used [0x00000000eab00000,0x00000000eb6c9058,0x00000000ec080000)
  from space 2560K, 7% used [0x00000000ec100000,0x00000000ec130000,0x00000000ec380000)
  to   space 1024K, 0% used [0x00000000ec400000,0x00000000ec400000,0x00000000ec500000)
 ParOldGen       total 68608K, used 26976K [0x00000000c0000000, 0x00000000c4300000, 0x00000000eab00000)
  object space 68608K, 39% used [0x00000000c0000000,0x00000000c1a58078,0x00000000c4300000)
 Metaspace       used 35480K, capacity 37033K, committed 37336K, reserved 1083392K
  class space    used 3339K, capacity 3804K, committed 3840K, reserved 1048576K
GC Heap History (20 events):
Event: 37.788 GC heap before
{Heap before GC invocations=8 (full 1):
 PSYoungGen      total 29696K, used 29675K [0x00000000eab00000, 0x00000000ed000000, 0x0000000100000000)
  eden space 24064K, 100% used [0x00000000eab00000,0x00000000ec280000,0x00000000ec280000)
  from space 5632K, 99% used [0x00000000ec900000,0x00000000ece7ae20,0x00000000ece80000)
  to   space 6656K, 0% used [0x00000000ec280000,0x00000000ec280000,0x00000000ec900000)
 ParOldGen       total 68608K, used 8835K [0x00000000c0000000, 0x00000000c4300000, 0x00000000eab00000)
  object space 68608K, 12% used [0x00000000c0000000,0x00000000c08a0fb0,0x00000000c4300000)
 Metaspace       used 25991K, capacity 27473K, committed 27648K, reserved 1073152K
  class space    used 2508K, capacity 2961K, committed 3072K, reserved 1048576K
}
Event: 37.794 GC heap after
{Heap after GC invocations=8 (full 1):
 PSYoungGen      total 30208K, used 6648K [0x00000000eab00000, 0x00000000ed300000, 0x0000000100000000)
  eden space 23552K, 0% used [0x00000000eab00000,0x00000000eab00000,0x00000000ec200000)
  from space 6656K, 99% used [0x00000000ec280000,0x00000000ec8fe1f8,0x00000000ec900000)
  to   space 8704K, 0% used [0x00000000eca80000,0x00000000eca80000,0x00000000ed300000)
 ParOldGen       total 68608K, used 10146K [0x00000000c0000000, 0x00000000c4300000, 0x00000000eab00000)
  object space 68608K, 14% used [0x00000000c0000000,0x00000000c09e8bf0,0x00000000c4300000)
 Metaspace       used 25991K, capacity 27473K, committed 27648K, reserved 1073152K
  class space    used 2508K, capacity 2961K, committed 3072K, reserved 1048576K
}
Event: 37.882 GC heap before
{Heap before GC invocations=9 (full 1):
 PSYoungGen      total 30208K, used 30200K [0x00000000eab00000, 0x00000000ed300000, 0x0000000100000000)
  eden space 23552K, 100% used [0x00000000eab00000,0x00000000ec200000,0x00000000ec200000)
  from space 6656K, 99% used [0x00000000ec280000,0x00000000ec8fe1f8,0x00000000ec900000)
  to   space 8704K, 0% used [0x00000000eca80000,0x00000000eca80000,0x00000000ed300000)
 ParOldGen       total 68608K, used 10146K [0x00000000c0000000, 0x00000000c4300000, 0x00000000eab00000)
  object space 68608K, 14% used [0x00000000c0000000,0x00000000c09e8bf0,0x00000000c4300000)
 Metaspace       used 25991K, capacity 27473K, committed 27648K, reserved 1073152K
  class space    used 2508K, capacity 2961K, committed 3072K, reserved 1048576K
}
Event: 37.890 GC heap after
{Heap after GC invocations=9 (full 1):
 PSYoungGen      total 30208K, used 7028K [0x00000000eab00000, 0x00000000ed180000, 0x0000000100000000)
  eden space 23040K, 0% used [0x00000000eab00000,0x00000000eab00000,0x00000000ec180000)
  from space 7168K, 98% used [0x00000000eca80000,0x00000000ed15d128,0x00000000ed180000)
  to   space 7680K, 0% used [0x00000000ec280000,0x00000000ec280000,0x00000000eca00000)
 ParOldGen       total 68608K, used 11999K [0x00000000c0000000, 0x00000000c4300000, 0x00000000eab00000)
  object space 68608K, 17% used [0x00000000c0000000,0x00000000c0bb7f18,0x00000000c4300000)
 Metaspace       used 25991K, capacity 27473K, committed 27648K, reserved 1073152K
  class space    used 2508K, capacity 2961K, committed 3072K, reserved 1048576K
}
Event: 37.944 GC heap before
{Heap before GC invocations=10 (full 1):
 PSYoungGen      total 30208K, used 30068K [0x00000000eab00000, 0x00000000ed180000, 0x0000000100000000)
  eden space 23040K, 100% used [0x00000000eab00000,0x00000000ec180000,0x00000000ec180000)
  from space 7168K, 98% used [0x00000000eca80000,0x00000000ed15d128,0x00000000ed180000)
  to   space 7680K, 0% used [0x00000000ec280000,0x00000000ec280000,0x00000000eca00000)
 ParOldGen       total 68608K, used 11999K [0x00000000c0000000, 0x00000000c4300000, 0x00000000eab00000)
  object space 68608K, 17% used [0x00000000c0000000,0x00000000c0bb7f18,0x00000000c4300000)
 Metaspace       used 25991K, capacity 27473K, committed 27648K, reserved 1073152K
  class space    used 2508K, capacity 2961K, committed 3072K, reserved 1048576K
}
Event: 37.952 GC heap after
{Heap after GC invocations=10 (full 1):
 PSYoungGen      total 28672K, used 6016K [0x00000000eab00000, 0x00000000ece00000, 0x0000000100000000)
  eden space 22528K, 0% used [0x00000000eab00000,0x00000000eab00000,0x00000000ec100000)
  from space 6144K, 97% used [0x00000000ec280000,0x00000000ec860010,0x00000000ec880000)
  to   space 5632K, 0% used [0x00000000ec880000,0x00000000ec880000,0x00000000ece00000)
 ParOldGen       total 68608K, used 15028K [0x00000000c0000000, 0x00000000c4300000, 0x00000000eab00000)
  object space 68608K, 21% used [0x00000000c0000000,0x00000000c0ead030,0x00000000c4300000)
 Metaspace       used 25991K, capacity 27473K, committed 27648K, reserved 1073152K
  class space    used 2508K, capacity 2961K, committed 3072K, reserved 1048576K
}
Event: 38.805 GC heap before
{Heap before GC invocations=11 (full 1):
 PSYoungGen      total 28672K, used 28544K [0x00000000eab00000, 0x00000000ece00000, 0x0000000100000000)
  eden space 22528K, 100% used [0x00000000eab00000,0x00000000ec100000,0x00000000ec100000)
  from space 6144K, 97% used [0x00000000ec280000,0x00000000ec860010,0x00000000ec880000)
  to   space 5632K, 0% used [0x00000000ec880000,0x00000000ec880000,0x00000000ece00000)
 ParOldGen       total 68608K, used 15028K [0x00000000c0000000, 0x00000000c4300000, 0x00000000eab00000)
  object space 68608K, 21% used [0x00000000c0000000,0x00000000c0ead030,0x00000000c4300000)
 Metaspace       used 27678K, capacity 29312K, committed 29568K, reserved 1075200K
  class space    used 2697K, capacity 3193K, committed 3200K, reserved 1048576K
}
Event: 38.815 GC heap after
{Heap after GC invocations=11 (full 1):
 PSYoungGen      total 27136K, used 4614K [0x00000000eab00000, 0x00000000ecd80000, 0x0000000100000000)
  eden space 22016K, 0% used [0x00000000eab00000,0x00000000eab00000,0x00000000ec080000)
  from space 5120K, 90% used [0x00000000ec880000,0x00000000ecd019d8,0x00000000ecd80000)
  to   space 5632K, 0% used [0x00000000ec280000,0x00000000ec280000,0x00000000ec800000)
 ParOldGen       total 68608K, used 18999K [0x00000000c0000000, 0x00000000c4300000, 0x00000000eab00000)
  object space 68608K, 27% used [0x00000000c0000000,0x00000000c128ddb0,0x00000000c4300000)
 Metaspace       used 27678K, capacity 29312K, committed 29568K, reserved 1075200K
  class space    used 2697K, capacity 3193K, committed 3200K, reserved 1048576K
}
Event: 40.965 GC heap before
{Heap before GC invocations=12 (full 1):
 PSYoungGen      total 27136K, used 26630K [0x00000000eab00000, 0x00000000ecd80000, 0x0000000100000000)
  eden space 22016K, 100% used [0x00000000eab00000,0x00000000ec080000,0x00000000ec080000)
  from space 5120K, 90% used [0x00000000ec880000,0x00000000ecd019d8,0x00000000ecd80000)
  to   space 5632K, 0% used [0x00000000ec280000,0x00000000ec280000,0x00000000ec800000)
 ParOldGen       total 68608K, used 18999K [0x00000000c0000000, 0x00000000c4300000, 0x00000000eab00000)
  object space 68608K, 27% used [0x00000000c0000000,0x00000000c128ddb0,0x00000000c4300000)
 Metaspace       used 33620K, capacity 35273K, committed 35416K, reserved 1081344K
  class space    used 3209K, capacity 3644K, committed 3712K, reserved 1048576K
}
Event: 40.973 GC heap after
{Heap after GC invocations=12 (full 1):
 PSYoungGen      total 24576K, used 2291K [0x00000000eab00000, 0x00000000ec900000, 0x0000000100000000)
  eden space 22016K, 0% used [0x00000000eab00000,0x00000000eab00000,0x00000000ec080000)
  from space 2560K, 89% used [0x00000000ec280000,0x00000000ec4bcd20,0x00000000ec500000)
  to   space 3584K, 0% used [0x00000000ec580000,0x00000000ec580000,0x00000000ec900000)
 ParOldGen       total 68608K, used 23466K [0x00000000c0000000, 0x00000000c4300000, 0x00000000eab00000)
  object space 68608K, 34% used [0x00000000c0000000,0x00000000c16eaa00,0x00000000c4300000)
 Metaspace       used 33620K, capacity 35273K, committed 35416K, reserved 1081344K
  class space    used 3209K, capacity 3644K, committed 3712K, reserved 1048576K
}
Event: 41.019 GC heap before
{Heap before GC invocations=13 (full 1):
 PSYoungGen      total 24576K, used 5096K [0x00000000eab00000, 0x00000000ec900000, 0x0000000100000000)
  eden space 22016K, 12% used [0x00000000eab00000,0x00000000eadbd3c8,0x00000000ec080000)
  from space 2560K, 89% used [0x00000000ec280000,0x00000000ec4bcd20,0x00000000ec500000)
  to   space 3584K, 0% used [0x00000000ec580000,0x00000000ec580000,0x00000000ec900000)
 ParOldGen       total 68608K, used 23466K [0x00000000c0000000, 0x00000000c4300000, 0x00000000eab00000)
  object space 68608K, 34% used [0x00000000c0000000,0x00000000c16eaa00,0x00000000c4300000)
 Metaspace       used 33720K, capacity 35273K, committed 35416K, reserved 1081344K
  class space    used 3215K, capacity 3644K, committed 3712K, reserved 1048576K
}
Event: 41.023 GC heap after
{Heap after GC invocations=13 (full 1):
 PSYoungGen      total 22528K, used 304K [0x00000000eab00000, 0x00000000ec600000, 0x0000000100000000)
  eden space 22016K, 0% used [0x00000000eab00000,0x00000000eab00000,0x00000000ec080000)
  from space 512K, 59% used [0x00000000ec580000,0x00000000ec5cc010,0x00000000ec600000)
  to   space 1536K, 0% used [0x00000000ec300000,0x00000000ec300000,0x00000000ec480000)
 ParOldGen       total 68608K, used 24956K [0x00000000c0000000, 0x00000000c4300000, 0x00000000eab00000)
  object space 68608K, 36% used [0x00000000c0000000,0x00000000c185f3c8,0x00000000c4300000)
 Metaspace       used 33720K, capacity 35273K, committed 35416K, reserved 1081344K
  class space    used 3215K, capacity 3644K, committed 3712K, reserved 1048576K
}
Event: 41.023 GC heap before
{Heap before GC invocations=14 (full 2):
 PSYoungGen      total 22528K, used 304K [0x00000000eab00000, 0x00000000ec600000, 0x0000000100000000)
  eden space 22016K, 0% used [0x00000000eab00000,0x00000000eab00000,0x00000000ec080000)
  from space 512K, 59% used [0x00000000ec580000,0x00000000ec5cc010,0x00000000ec600000)
  to   space 1536K, 0% used [0x00000000ec300000,0x00000000ec300000,0x00000000ec480000)
 ParOldGen       total 68608K, used 24956K [0x00000000c0000000, 0x00000000c4300000, 0x00000000eab00000)
  object space 68608K, 36% used [0x00000000c0000000,0x00000000c185f3c8,0x00000000c4300000)
 Metaspace       used 33720K, capacity 35273K, committed 35416K, reserved 1081344K
  class space    used 3215K, capacity 3644K, committed 3712K, reserved 1048576K
}
Event: 41.092 GC heap after
{Heap after GC invocations=14 (full 2):
 PSYoungGen      total 22528K, used 0K [0x00000000eab00000, 0x00000000ec600000, 0x0000000100000000)
  eden space 22016K, 0% used [0x00000000eab00000,0x00000000eab00000,0x00000000ec080000)
  from space 512K, 0% used [0x00000000ec580000,0x00000000ec580000,0x00000000ec600000)
  to   space 1536K, 0% used [0x00000000ec300000,0x00000000ec300000,0x00000000ec480000)
 ParOldGen       total 68608K, used 24786K [0x00000000c0000000, 0x00000000c4300000, 0x00000000eab00000)
  object space 68608K, 36% used [0x00000000c0000000,0x00000000c1834920,0x00000000c4300000)
 Metaspace       used 33720K, capacity 35273K, committed 35416K, reserved 1081344K
  class space    used 3215K, capacity 3644K, committed 3712K, reserved 1048576K
}
Event: 47.743 GC heap before
{Heap before GC invocations=15 (full 2):
 PSYoungGen      total 22528K, used 22016K [0x00000000eab00000, 0x00000000ec600000, 0x0000000100000000)
  eden space 22016K, 100% used [0x00000000eab00000,0x00000000ec080000,0x00000000ec080000)
  from space 512K, 0% used [0x00000000ec580000,0x00000000ec580000,0x00000000ec600000)
  to   space 1536K, 0% used [0x00000000ec300000,0x00000000ec300000,0x00000000ec480000)
 ParOldGen       total 68608K, used 24786K [0x00000000c0000000, 0x00000000c4300000, 0x00000000eab00000)
  object space 68608K, 36% used [0x00000000c0000000,0x00000000c1834920,0x00000000c4300000)
 Metaspace       used 34219K, capacity 35753K, committed 35928K, reserved 1081344K
  class space    used 3233K, capacity 3676K, committed 3712K, reserved 1048576K
}
Event: 47.745 GC heap after
{Heap after GC invocations=15 (full 2):
 PSYoungGen      total 23552K, used 1376K [0x00000000eab00000, 0x00000000ec600000, 0x0000000100000000)
  eden space 22016K, 0% used [0x00000000eab00000,0x00000000eab00000,0x00000000ec080000)
  from space 1536K, 89% used [0x00000000ec300000,0x00000000ec458000,0x00000000ec480000)
  to   space 1536K, 0% used [0x00000000ec480000,0x00000000ec480000,0x00000000ec600000)
 ParOldGen       total 68608K, used 24794K [0x00000000c0000000, 0x00000000c4300000, 0x00000000eab00000)
  object space 68608K, 36% used [0x00000000c0000000,0x00000000c1836920,0x00000000c4300000)
 Metaspace       used 34219K, capacity 35753K, committed 35928K, reserved 1081344K
  class space    used 3233K, capacity 3676K, committed 3712K, reserved 1048576K
}
Event: 55.409 GC heap before
{Heap before GC invocations=16 (full 2):
 PSYoungGen      total 23552K, used 21433K [0x00000000eab00000, 0x00000000ec600000, 0x0000000100000000)
  eden space 22016K, 91% used [0x00000000eab00000,0x00000000ebe964b8,0x00000000ec080000)
  from space 1536K, 89% used [0x00000000ec300000,0x00000000ec458000,0x00000000ec480000)
  to   space 1536K, 0% used [0x00000000ec480000,0x00000000ec480000,0x00000000ec600000)
 ParOldGen       total 68608K, used 24794K [0x00000000c0000000, 0x00000000c4300000, 0x00000000eab00000)
  object space 68608K, 36% used [0x00000000c0000000,0x00000000c1836920,0x00000000c4300000)
 Metaspace       used 35360K, capacity 36969K, committed 37080K, reserved 1083392K
  class space    used 3333K, capacity 3804K, committed 3840K, reserved 1048576K
}
Event: 55.412 GC heap after
{Heap after GC invocations=16 (full 2):
 PSYoungGen      total 23552K, used 1506K [0x00000000eab00000, 0x00000000ec600000, 0x0000000100000000)
  eden space 22016K, 0% used [0x00000000eab00000,0x00000000eab00000,0x00000000ec080000)
  from space 1536K, 98% used [0x00000000ec480000,0x00000000ec5f89b8,0x00000000ec600000)
  to   space 2560K, 0% used [0x00000000ec100000,0x00000000ec100000,0x00000000ec380000)
 ParOldGen       total 68608K, used 25461K [0x00000000c0000000, 0x00000000c4300000, 0x00000000eab00000)
  object space 68608K, 37% used [0x00000000c0000000,0x00000000c18dd4f0,0x00000000c4300000)
 Metaspace       used 35360K, capacity 36969K, committed 37080K, reserved 1083392K
  class space    used 3333K, capacity 3804K, committed 3840K, reserved 1048576K
}
Event: 55.598 GC heap before
{Heap before GC invocations=17 (full 2):
 PSYoungGen      total 23552K, used 22720K [0x00000000eab00000, 0x00000000ec600000, 0x0000000100000000)
  eden space 22016K, 96% used [0x00000000eab00000,0x00000000ebfb79b0,0x00000000ec080000)
  from space 1536K, 98% used [0x00000000ec480000,0x00000000ec5f89b8,0x00000000ec600000)
  to   space 2560K, 0% used [0x00000000ec100000,0x00000000ec100000,0x00000000ec380000)
 ParOldGen       total 68608K, used 25461K [0x00000000c0000000, 0x00000000c4300000, 0x00000000eab00000)
  object space 68608K, 37% used [0x00000000c0000000,0x00000000c18dd4f0,0x00000000c4300000)
 Metaspace       used 35391K, capacity 36969K, committed 37080K, reserved 1083392K
  class space    used 3333K, capacity 3804K, committed 3840K, reserved 1048576K
}
Event: 55.601 GC heap after
{Heap after GC invocations=17 (full 2):
 PSYoungGen      total 24576K, used 192K [0x00000000eab00000, 0x00000000ec500000, 0x0000000100000000)
  eden space 22016K, 0% used [0x00000000eab00000,0x00000000eab00000,0x00000000ec080000)
  from space 2560K, 7% used [0x00000000ec100000,0x00000000ec130000,0x00000000ec380000)
  to   space 1024K, 0% used [0x00000000ec400000,0x00000000ec400000,0x00000000ec500000)
 ParOldGen       total 68608K, used 26976K [0x00000000c0000000, 0x00000000c4300000, 0x00000000eab00000)
  object space 68608K, 39% used [0x00000000c0000000,0x00000000c1a58078,0x00000000c4300000)
 Metaspace       used 35391K, capacity 36969K, committed 37080K, reserved 1083392K
  class space    used 3333K, capacity 3804K, committed 3840K, reserved 1048576K
}

