# JRE version: Java(TM) SE Runtime Environment (15.0+36) (build 15+36-1562)
# Java VM: Java HotSpot(TM) 64-Bit Server VM (15+36-1562, mixed mode, sharing, tiered, compressed oops, parallel gc, windows-amd64)
GC Precious Log:
 CPUs: 4 total, 4 available
 Memory: 3964M
 Large Page Support: Disabled
 NUMA Support: Disabled
 Compressed Oops: Enabled (32-bit)
 Heap Min Capacity: 100M
 Heap Initial Capacity: 100M
 Heap Max Capacity: 1G
 Pre-touch: Disabled
 Parallel Workers: 4
Heap:
 PSYoungGen      total 24064K, used 1500K [0x00000000eab00000, 0x00000000ec700000, 0x0000000100000000)
  eden space 20480K, 7% used [0x00000000eab00000,0x00000000eac77130,0x00000000ebf00000)
  from space 3584K, 0% used [0x00000000ec180000,0x00000000ec180000,0x00000000ec500000)
  to   space 1536K, 0% used [0x00000000ec580000,0x00000000ec580000,0x00000000ec700000)
 ParOldGen       total 68608K, used 39820K [0x00000000c0000000, 0x00000000c4300000, 0x00000000eab00000)
  object space 68608K, 58% used [0x00000000c0000000,0x00000000c26e3040,0x00000000c4300000)
 Metaspace       used 54687K, capacity 57294K, committed 57512K, reserved 1105920K
  class space    used 5711K, capacity 6627K, committed 6656K, reserved 1048576K
GC Heap History (20 events):
Event: 44.925 GC heap before
{Heap before GC invocations=13 (full 2):
 PSYoungGen      total 23040K, used 23008K [0x00000000eab00000, 0x00000000eca80000, 0x0000000100000000)
  eden space 20992K, 100% used [0x00000000eab00000,0x00000000ebf80000,0x00000000ebf80000)
  from space 2048K, 98% used [0x00000000ec800000,0x00000000ec9f8020,0x00000000eca00000)
  to   space 5632K, 0% used [0x00000000ebf80000,0x00000000ebf80000,0x00000000ec500000)
 ParOldGen       total 68608K, used 20884K [0x00000000c0000000, 0x00000000c4300000, 0x00000000eab00000)
  object space 68608K, 30% used [0x00000000c0000000,0x00000000c14651b0,0x00000000c4300000)
 Metaspace       used 42654K, capacity 44911K, committed 45224K, reserved 1089536K
  class space    used 4448K, capacity 5307K, committed 5376K, reserved 1048576K
}
Event: 44.934 GC heap after
{Heap after GC invocations=13 (full 2):
 PSYoungGen      total 26624K, used 1856K [0x00000000eab00000, 0x00000000ec880000, 0x0000000100000000)
  eden space 20992K, 0% used [0x00000000eab00000,0x00000000eab00000,0x00000000ebf80000)
  from space 5632K, 32% used [0x00000000ebf80000,0x00000000ec150000,0x00000000ec500000)
  to   space 3584K, 0% used [0x00000000ec500000,0x00000000ec500000,0x00000000ec880000)
 ParOldGen       total 68608K, used 22920K [0x00000000c0000000, 0x00000000c4300000, 0x00000000eab00000)
  object space 68608K, 33% used [0x00000000c0000000,0x00000000c1662178,0x00000000c4300000)
 Metaspace       used 42654K, capacity 44911K, committed 45224K, reserved 1089536K
  class space    used 4448K, capacity 5307K, committed 5376K, reserved 1048576K
}
Event: 45.058 GC heap before
{Heap before GC invocations=14 (full 2):
 PSYoungGen      total 26624K, used 22848K [0x00000000eab00000, 0x00000000ec880000, 0x0000000100000000)
  eden space 20992K, 100% used [0x00000000eab00000,0x00000000ebf80000,0x00000000ebf80000)
  from space 5632K, 32% used [0x00000000ebf80000,0x00000000ec150000,0x00000000ec500000)
  to   space 3584K, 0% used [0x00000000ec500000,0x00000000ec500000,0x00000000ec880000)
 ParOldGen       total 68608K, used 22920K [0x00000000c0000000, 0x00000000c4300000, 0x00000000eab00000)
  object space 68608K, 33% used [0x00000000c0000000,0x00000000c1662178,0x00000000c4300000)
 Metaspace       used 42908K, capacity 45135K, committed 45224K, reserved 1089536K
  class space    used 4475K, capacity 5339K, committed 5376K, reserved 1048576K
}
Event: 45.068 GC heap after
{Heap after GC invocations=14 (full 2):
 PSYoungGen      total 24064K, used 2676K [0x00000000eab00000, 0x00000000ec800000, 0x0000000100000000)
  eden space 20992K, 0% used [0x00000000eab00000,0x00000000eab00000,0x00000000ebf80000)
  from space 3072K, 87% used [0x00000000ec500000,0x00000000ec79d138,0x00000000ec800000)
  to   space 3072K, 0% used [0x00000000ec200000,0x00000000ec200000,0x00000000ec500000)
 ParOldGen       total 68608K, used 24712K [0x00000000c0000000, 0x00000000c4300000, 0x00000000eab00000)
  object space 68608K, 36% used [0x00000000c0000000,0x00000000c1822188,0x00000000c4300000)
 Metaspace       used 42908K, capacity 45135K, committed 45224K, reserved 1089536K
  class space    used 4475K, capacity 5339K, committed 5376K, reserved 1048576K
}
Event: 45.185 GC heap before
{Heap before GC invocations=15 (full 2):
 PSYoungGen      total 24064K, used 23668K [0x00000000eab00000, 0x00000000ec800000, 0x0000000100000000)
  eden space 20992K, 100% used [0x00000000eab00000,0x00000000ebf80000,0x00000000ebf80000)
  from space 3072K, 87% used [0x00000000ec500000,0x00000000ec79d138,0x00000000ec800000)
  to   space 3072K, 0% used [0x00000000ec200000,0x00000000ec200000,0x00000000ec500000)
 ParOldGen       total 68608K, used 24712K [0x00000000c0000000, 0x00000000c4300000, 0x00000000eab00000)
  object space 68608K, 36% used [0x00000000c0000000,0x00000000c1822188,0x00000000c4300000)
 Metaspace       used 43095K, capacity 45293K, committed 45480K, reserved 1089536K
  class space    used 4490K, capacity 5344K, committed 5376K, reserved 1048576K
}
Event: 45.190 GC heap after
{Heap after GC invocations=15 (full 2):
 PSYoungGen      total 24064K, used 2624K [0x00000000eab00000, 0x00000000ec580000, 0x0000000100000000)
  eden space 20992K, 0% used [0x00000000eab00000,0x00000000eab00000,0x00000000ebf80000)
  from space 3072K, 85% used [0x00000000ec200000,0x00000000ec490380,0x00000000ec500000)
  to   space 512K, 0% used [0x00000000ec500000,0x00000000ec500000,0x00000000ec580000)
 ParOldGen       total 68608K, used 27247K [0x00000000c0000000, 0x00000000c4300000, 0x00000000eab00000)
  object space 68608K, 39% used [0x00000000c0000000,0x00000000c1a9be38,0x00000000c4300000)
 Metaspace       used 43095K, capacity 45293K, committed 45480K, reserved 1089536K
  class space    used 4490K, capacity 5344K, committed 5376K, reserved 1048576K
}
Event: 45.355 GC heap before
{Heap before GC invocations=16 (full 2):
 PSYoungGen      total 24064K, used 23616K [0x00000000eab00000, 0x00000000ec580000, 0x0000000100000000)
  eden space 20992K, 100% used [0x00000000eab00000,0x00000000ebf80000,0x00000000ebf80000)
  from space 3072K, 85% used [0x00000000ec200000,0x00000000ec490380,0x00000000ec500000)
  to   space 512K, 0% used [0x00000000ec500000,0x00000000ec500000,0x00000000ec580000)
 ParOldGen       total 68608K, used 27247K [0x00000000c0000000, 0x00000000c4300000, 0x00000000eab00000)
  object space 68608K, 39% used [0x00000000c0000000,0x00000000c1a9be38,0x00000000c4300000)
 Metaspace       used 43132K, capacity 45293K, committed 45480K, reserved 1089536K
  class space    used 4495K, capacity 5344K, committed 5376K, reserved 1048576K
}
Event: 45.363 GC heap after
{Heap after GC invocations=16 (full 2):
 PSYoungGen      total 21504K, used 512K [0x00000000eab00000, 0x00000000eca80000, 0x0000000100000000)
  eden space 20992K, 0% used [0x00000000eab00000,0x00000000eab00000,0x00000000ebf80000)
  from space 512K, 100% used [0x00000000ec500000,0x00000000ec580000,0x00000000ec580000)
  to   space 5632K, 0% used [0x00000000ebf80000,0x00000000ebf80000,0x00000000ec500000)
 ParOldGen       total 68608K, used 31656K [0x00000000c0000000, 0x00000000c4300000, 0x00000000eab00000)
  object space 68608K, 46% used [0x00000000c0000000,0x00000000c1eea328,0x00000000c4300000)
 Metaspace       used 43132K, capacity 45293K, committed 45480K, reserved 1089536K
  class space    used 4495K, capacity 5344K, committed 5376K, reserved 1048576K
}
Event: 45.462 GC heap before
{Heap before GC invocations=17 (full 2):
 PSYoungGen      total 21504K, used 21504K [0x00000000eab00000, 0x00000000eca80000, 0x0000000100000000)
  eden space 20992K, 100% used [0x00000000eab00000,0x00000000ebf80000,0x00000000ebf80000)
  from space 512K, 100% used [0x00000000ec500000,0x00000000ec580000,0x00000000ec580000)
  to   space 5632K, 0% used [0x00000000ebf80000,0x00000000ebf80000,0x00000000ec500000)
 ParOldGen       total 68608K, used 31656K [0x00000000c0000000, 0x00000000c4300000, 0x00000000eab00000)
  object space 68608K, 46% used [0x00000000c0000000,0x00000000c1eea328,0x00000000c4300000)
 Metaspace       used 43279K, capacity 45497K, committed 45736K, reserved 1089536K
  class space    used 4508K, capacity 5348K, committed 5376K, reserved 1048576K
}
Event: 45.465 GC heap after
{Heap after GC invocations=17 (full 2):
 PSYoungGen      total 23040K, used 1984K [0x00000000eab00000, 0x00000000ec580000, 0x0000000100000000)
  eden space 20992K, 0% used [0x00000000eab00000,0x00000000eab00000,0x00000000ebf80000)
  from space 2048K, 96% used [0x00000000ebf80000,0x00000000ec170000,0x00000000ec180000)
  to   space 3072K, 0% used [0x00000000ec280000,0x00000000ec280000,0x00000000ec580000)
 ParOldGen       total 68608K, used 32192K [0x00000000c0000000, 0x00000000c4300000, 0x00000000eab00000)
  object space 68608K, 46% used [0x00000000c0000000,0x00000000c1f70328,0x00000000c4300000)
 Metaspace       used 43279K, capacity 45497K, committed 45736K, reserved 1089536K
  class space    used 4508K, capacity 5348K, committed 5376K, reserved 1048576K
}
Event: 48.732 GC heap before
{Heap before GC invocations=18 (full 2):
 PSYoungGen      total 23040K, used 22976K [0x00000000eab00000, 0x00000000ec580000, 0x0000000100000000)
  eden space 20992K, 100% used [0x00000000eab00000,0x00000000ebf80000,0x00000000ebf80000)
  from space 2048K, 96% used [0x00000000ebf80000,0x00000000ec170000,0x00000000ec180000)
  to   space 3072K, 0% used [0x00000000ec280000,0x00000000ec280000,0x00000000ec580000)
 ParOldGen       total 68608K, used 32192K [0x00000000c0000000, 0x00000000c4300000, 0x00000000eab00000)
  object space 68608K, 46% used [0x00000000c0000000,0x00000000c1f70328,0x00000000c4300000)
 Metaspace       used 47291K, capacity 49681K, committed 49832K, reserved 1093632K
  class space    used 4969K, capacity 5842K, committed 5888K, reserved 1048576K
}
Event: 48.737 GC heap after
{Heap after GC invocations=18 (full 2):
 PSYoungGen      total 23552K, used 2984K [0x00000000eab00000, 0x00000000ec680000, 0x0000000100000000)
  eden space 20480K, 0% used [0x00000000eab00000,0x00000000eab00000,0x00000000ebf00000)
  from space 3072K, 97% used [0x00000000ec280000,0x00000000ec56a2a0,0x00000000ec580000)
  to   space 3584K, 0% used [0x00000000ebf00000,0x00000000ebf00000,0x00000000ec280000)
 ParOldGen       total 68608K, used 34131K [0x00000000c0000000, 0x00000000c4300000, 0x00000000eab00000)
  object space 68608K, 49% used [0x00000000c0000000,0x00000000c2154f00,0x00000000c4300000)
 Metaspace       used 47291K, capacity 49681K, committed 49832K, reserved 1093632K
  class space    used 4969K, capacity 5842K, committed 5888K, reserved 1048576K
}
Event: 49.326 GC heap before
{Heap before GC invocations=19 (full 2):
 PSYoungGen      total 23552K, used 23464K [0x00000000eab00000, 0x00000000ec680000, 0x0000000100000000)
  eden space 20480K, 100% used [0x00000000eab00000,0x00000000ebf00000,0x00000000ebf00000)
  from space 3072K, 97% used [0x00000000ec280000,0x00000000ec56a2a0,0x00000000ec580000)
  to   space 3584K, 0% used [0x00000000ebf00000,0x00000000ebf00000,0x00000000ec280000)
 ParOldGen       total 68608K, used 34131K [0x00000000c0000000, 0x00000000c4300000, 0x00000000eab00000)
  object space 68608K, 49% used [0x00000000c0000000,0x00000000c2154f00,0x00000000c4300000)
 Metaspace       used 48346K, capacity 50796K, committed 50984K, reserved 1093632K
  class space    used 5086K, capacity 5998K, committed 6016K, reserved 1048576K
}
Event: 49.331 GC heap after
{Heap after GC invocations=19 (full 2):
 PSYoungGen      total 22016K, used 1488K [0x00000000eab00000, 0x00000000ec300000, 0x0000000100000000)
  eden space 20480K, 0% used [0x00000000eab00000,0x00000000eab00000,0x00000000ebf00000)
  from space 1536K, 96% used [0x00000000ebf00000,0x00000000ec0743c0,0x00000000ec080000)
  to   space 2048K, 0% used [0x00000000ec100000,0x00000000ec100000,0x00000000ec300000)
 ParOldGen       total 68608K, used 36857K [0x00000000c0000000, 0x00000000c4300000, 0x00000000eab00000)
  object space 68608K, 53% used [0x00000000c0000000,0x00000000c23fe470,0x00000000c4300000)
 Metaspace       used 48346K, capacity 50796K, committed 50984K, reserved 1093632K
  class space    used 5086K, capacity 5998K, committed 6016K, reserved 1048576K
}
Event: 49.427 GC heap before
{Heap before GC invocations=20 (full 2):
 PSYoungGen      total 22016K, used 21968K [0x00000000eab00000, 0x00000000ec300000, 0x0000000100000000)
  eden space 20480K, 100% used [0x00000000eab00000,0x00000000ebf00000,0x00000000ebf00000)
  from space 1536K, 96% used [0x00000000ebf00000,0x00000000ec0743c0,0x00000000ec080000)
  to   space 2048K, 0% used [0x00000000ec100000,0x00000000ec100000,0x00000000ec300000)
 ParOldGen       total 68608K, used 36857K [0x00000000c0000000, 0x00000000c4300000, 0x00000000eab00000)
  object space 68608K, 53% used [0x00000000c0000000,0x00000000c23fe470,0x00000000c4300000)
 Metaspace       used 48455K, capacity 50924K, committed 50984K, reserved 1093632K
  class space    used 5092K, capacity 5998K, committed 6016K, reserved 1048576K
}
Event: 49.430 GC heap after
{Heap after GC invocations=20 (full 2):
 PSYoungGen      total 21504K, used 960K [0x00000000eab00000, 0x00000000ec200000, 0x0000000100000000)
  eden space 20480K, 0% used [0x00000000eab00000,0x00000000eab00000,0x00000000ebf00000)
  from space 1024K, 93% used [0x00000000ec100000,0x00000000ec1f0000,0x00000000ec200000)
  to   space 1536K, 0% used [0x00000000ebf00000,0x00000000ebf00000,0x00000000ec080000)
 ParOldGen       total 68608K, used 38291K [0x00000000c0000000, 0x00000000c4300000, 0x00000000eab00000)
  object space 68608K, 55% used [0x00000000c0000000,0x00000000c2564f58,0x00000000c4300000)
 Metaspace       used 48455K, capacity 50924K, committed 50984K, reserved 1093632K
  class space    used 5092K, capacity 5998K, committed 6016K, reserved 1048576K
}
Event: 53.860 GC heap before
{Heap before GC invocations=21 (full 2):
 PSYoungGen      total 21504K, used 21440K [0x00000000eab00000, 0x00000000ec200000, 0x0000000100000000)
  eden space 20480K, 100% used [0x00000000eab00000,0x00000000ebf00000,0x00000000ebf00000)
  from space 1024K, 93% used [0x00000000ec100000,0x00000000ec1f0000,0x00000000ec200000)
  to   space 1536K, 0% used [0x00000000ebf00000,0x00000000ebf00000,0x00000000ec080000)
 ParOldGen       total 68608K, used 38291K [0x00000000c0000000, 0x00000000c4300000, 0x00000000eab00000)
  object space 68608K, 55% used [0x00000000c0000000,0x00000000c2564f58,0x00000000c4300000)
 Metaspace       used 50832K, capacity 53217K, committed 53288K, reserved 1095680K
  class space    used 5339K, capacity 6229K, committed 6272K, reserved 1048576K
}
Event: 53.864 GC heap after
{Heap after GC invocations=21 (full 2):
 PSYoungGen      total 22016K, used 1517K [0x00000000eab00000, 0x00000000ece00000, 0x0000000100000000)
  eden space 20480K, 0% used [0x00000000eab00000,0x00000000eab00000,0x00000000ebf00000)
  from space 1536K, 98% used [0x00000000ebf00000,0x00000000ec07b570,0x00000000ec080000)
  to   space 7680K, 0% used [0x00000000ec680000,0x00000000ec680000,0x00000000ece00000)
 ParOldGen       total 68608K, used 43214K [0x00000000c0000000, 0x00000000c4300000, 0x00000000eab00000)
  object space 68608K, 62% used [0x00000000c0000000,0x00000000c2a33918,0x00000000c4300000)
 Metaspace       used 50832K, capacity 53217K, committed 53288K, reserved 1095680K
  class space    used 5339K, capacity 6229K, committed 6272K, reserved 1048576K
}
Event: 55.122 GC heap before
{Heap before GC invocations=22 (full 2):
 PSYoungGen      total 22016K, used 21997K [0x00000000eab00000, 0x00000000ece00000, 0x0000000100000000)
  eden space 20480K, 100% used [0x00000000eab00000,0x00000000ebf00000,0x00000000ebf00000)
  from space 1536K, 98% used [0x00000000ebf00000,0x00000000ec07b570,0x00000000ec080000)
  to   space 7680K, 0% used [0x00000000ec680000,0x00000000ec680000,0x00000000ece00000)
 ParOldGen       total 68608K, used 43214K [0x00000000c0000000, 0x00000000c4300000, 0x00000000eab00000)
  object space 68608K, 62% used [0x00000000c0000000,0x00000000c2a33918,0x00000000c4300000)
 Metaspace       used 52955K, capacity 55428K, committed 55464K, reserved 1097728K
  class space    used 5491K, capacity 6390K, committed 6400K, reserved 1048576K
}
Event: 55.125 GC heap after
{Heap after GC invocations=22 (full 2):
 PSYoungGen      total 22528K, used 1683K [0x00000000eab00000, 0x00000000ec880000, 0x0000000100000000)
  eden space 20480K, 0% used [0x00000000eab00000,0x00000000eab00000,0x00000000ebf00000)
  from space 2048K, 82% used [0x00000000ec680000,0x00000000ec824c60,0x00000000ec880000)
  to   space 3584K, 0% used [0x00000000ec180000,0x00000000ec180000,0x00000000ec500000)
 ParOldGen       total 68608K, used 44713K [0x00000000c0000000, 0x00000000c4300000, 0x00000000eab00000)
  object space 68608K, 65% used [0x00000000c0000000,0x00000000c2baa448,0x00000000c4300000)
 Metaspace       used 52955K, capacity 55428K, committed 55464K, reserved 1097728K
  class space    used 5491K, capacity 6390K, committed 6400K, reserved 1048576K
}

