# JRE version: Java(TM) SE Runtime Environment (15.0+36) (build 15+36-1562)
# Java VM: Java HotSpot(TM) 64-Bit Server VM (15+36-1562, mixed mode, sharing, tiered, compressed oops, g1 gc, windows-amd64)
GC Precious Log:
 CPUs: 4 total, 4 available
 Memory: 3964M
 Large Page Support: Disabled
 NUMA Support: Disabled
 Compressed Oops: Enabled (32-bit)
 Heap Region Size: 1M
 Heap Min Capacity: 8M
 Heap Initial Capacity: 62M
 Heap Max Capacity: 992M
 Pre-touch: Disabled
 Parallel Workers: 4
 Concurrent Workers: 1
 Concurrent Refinement Workers: 4
 Periodic GC: Disabled
Heap:
 garbage-first heap   total 48128K, used 19215K [0x00000000c2000000, 0x0000000100000000)
  region size 1024K, 2 young (2048K), 1 survivors (1024K)
 Metaspace       used 40045K, capacity 40516K, committed 40752K, reserved 1085440K
  class space    used 4717K, capacity 4871K, committed 4992K, reserved 1048576K
GC Heap History (20 events):
Event: 1.622 GC heap before
{Heap before GC invocations=1 (full 0):
 garbage-first heap   total 63488K, used 14306K [0x00000000c2000000, 0x0000000100000000)
  region size 1024K, 11 young (11264K), 2 survivors (2048K)
 Metaspace       used 4447K, capacity 6388K, committed 6528K, reserved 1056768K
  class space    used 461K, capacity 636K, committed 640K, reserved 1048576K
}
Event: 1.626 GC heap after
{Heap after GC invocations=2 (full 0):
 garbage-first heap   total 63488K, used 6640K [0x00000000c2000000, 0x0000000100000000)
  region size 1024K, 1 young (1024K), 1 survivors (1024K)
 Metaspace       used 4447K, capacity 6388K, committed 6528K, reserved 1056768K
  class space    used 461K, capacity 636K, committed 640K, reserved 1048576K
}
Event: 2.923 GC heap before
{Heap before GC invocations=2 (full 0):
 garbage-first heap   total 63488K, used 25072K [0x00000000c2000000, 0x0000000100000000)
  region size 1024K, 20 young (20480K), 1 survivors (1024K)
 Metaspace       used 8930K, capacity 9548K, committed 9600K, reserved 1058816K
  class space    used 1059K, capacity 1113K, committed 1152K, reserved 1048576K
}
Event: 2.932 GC heap after
{Heap after GC invocations=3 (full 0):
 garbage-first heap   total 63488K, used 8032K [0x00000000c2000000, 0x0000000100000000)
  region size 1024K, 2 young (2048K), 2 survivors (2048K)
 Metaspace       used 8930K, capacity 9548K, committed 9600K, reserved 1058816K
  class space    used 1059K, capacity 1113K, committed 1152K, reserved 1048576K
}
Event: 4.734 GC heap before
{Heap before GC invocations=3 (full 0):
 garbage-first heap   total 63488K, used 41824K [0x00000000c2000000, 0x0000000100000000)
  region size 1024K, 35 young (35840K), 2 survivors (2048K)
 Metaspace       used 15276K, capacity 15475K, committed 15744K, reserved 1062912K
  class space    used 1789K, capacity 1867K, committed 1920K, reserved 1048576K
}
Event: 4.739 GC heap after
{Heap after GC invocations=4 (full 0):
 garbage-first heap   total 63488K, used 9670K [0x00000000c2000000, 0x0000000100000000)
  region size 1024K, 4 young (4096K), 4 survivors (4096K)
 Metaspace       used 15276K, capacity 15475K, committed 15744K, reserved 1062912K
  class space    used 1789K, capacity 1867K, committed 1920K, reserved 1048576K
}
Event: 6.001 GC heap before
{Heap before GC invocations=4 (full 0):
 garbage-first heap   total 63488K, used 42438K [0x00000000c2000000, 0x0000000100000000)
  region size 1024K, 36 young (36864K), 4 survivors (4096K)
 Metaspace       used 17668K, capacity 17986K, committed 18176K, reserved 1064960K
  class space    used 2074K, capacity 2187K, committed 2304K, reserved 1048576K
}
Event: 6.010 GC heap after
{Heap after GC invocations=5 (full 0):
 garbage-first heap   total 63488K, used 10920K [0x00000000c2000000, 0x0000000100000000)
  region size 1024K, 3 young (3072K), 3 survivors (3072K)
 Metaspace       used 17668K, capacity 17986K, committed 18176K, reserved 1064960K
  class space    used 2074K, capacity 2187K, committed 2304K, reserved 1048576K
}
Event: 6.855 GC heap before
{Heap before GC invocations=5 (full 0):
 garbage-first heap   total 63488K, used 27304K [0x00000000c2000000, 0x0000000100000000)
  region size 1024K, 21 young (21504K), 3 survivors (3072K)
 Metaspace       used 20875K, capacity 21177K, committed 21296K, reserved 1069056K
  class space    used 2507K, capacity 2650K, committed 2688K, reserved 1048576K
}
Event: 6.872 GC heap after
{Heap after GC invocations=6 (full 0):
 garbage-first heap   total 63488K, used 12403K [0x00000000c2000000, 0x0000000100000000)
  region size 1024K, 3 young (3072K), 3 survivors (3072K)
 Metaspace       used 20875K, capacity 21177K, committed 21296K, reserved 1069056K
  class space    used 2507K, capacity 2650K, committed 2688K, reserved 1048576K
}
Event: 7.682 GC heap before
{Heap before GC invocations=7 (full 0):
 garbage-first heap   total 48128K, used 38003K [0x00000000c2000000, 0x0000000100000000)
  region size 1024K, 28 young (28672K), 3 survivors (3072K)
 Metaspace       used 24901K, capacity 25222K, committed 25520K, reserved 1071104K
  class space    used 2909K, capacity 3038K, committed 3072K, reserved 1048576K
}
Event: 7.688 GC heap after
{Heap after GC invocations=8 (full 0):
 garbage-first heap   total 48128K, used 14401K [0x00000000c2000000, 0x0000000100000000)
  region size 1024K, 4 young (4096K), 4 survivors (4096K)
 Metaspace       used 24901K, capacity 25222K, committed 25520K, reserved 1071104K
  class space    used 2909K, capacity 3038K, committed 3072K, reserved 1048576K
}
Event: 8.762 GC heap before
{Heap before GC invocations=8 (full 0):
 garbage-first heap   total 48128K, used 32833K [0x00000000c2000000, 0x0000000100000000)
  region size 1024K, 23 young (23552K), 4 survivors (4096K)
 Metaspace       used 28100K, capacity 28471K, committed 28720K, reserved 1075200K
  class space    used 3300K, capacity 3432K, committed 3456K, reserved 1048576K
}
Event: 8.769 GC heap after
{Heap after GC invocations=9 (full 0):
 garbage-first heap   total 48128K, used 15725K [0x00000000c2000000, 0x0000000100000000)
  region size 1024K, 2 young (2048K), 2 survivors (2048K)
 Metaspace       used 28100K, capacity 28471K, committed 28720K, reserved 1075200K
  class space    used 3300K, capacity 3432K, committed 3456K, reserved 1048576K
}
Event: 9.717 GC heap before
{Heap before GC invocations=9 (full 0):
 garbage-first heap   total 48128K, used 35181K [0x00000000c2000000, 0x0000000100000000)
  region size 1024K, 21 young (21504K), 2 survivors (2048K)
 Metaspace       used 31284K, capacity 31650K, committed 31792K, reserved 1077248K
  class space    used 3710K, capacity 3866K, committed 3968K, reserved 1048576K
}
Event: 9.724 GC heap after
{Heap after GC invocations=10 (full 0):
 garbage-first heap   total 48128K, used 17523K [0x00000000c2000000, 0x0000000100000000)
  region size 1024K, 3 young (3072K), 3 survivors (3072K)
 Metaspace       used 31284K, capacity 31650K, committed 31792K, reserved 1077248K
  class space    used 3710K, capacity 3866K, committed 3968K, reserved 1048576K
}
Event: 10.521 GC heap before
{Heap before GC invocations=10 (full 0):
 garbage-first heap   total 48128K, used 35955K [0x00000000c2000000, 0x0000000100000000)
  region size 1024K, 21 young (21504K), 3 survivors (3072K)
 Metaspace       used 34330K, capacity 34758K, committed 34864K, reserved 1079296K
  class space    used 4059K, capacity 4194K, committed 4224K, reserved 1048576K
}
Event: 10.526 GC heap after
{Heap after GC invocations=11 (full 0):
 garbage-first heap   total 48128K, used 18528K [0x00000000c2000000, 0x0000000100000000)
  region size 1024K, 1 young (1024K), 1 survivors (1024K)
 Metaspace       used 34330K, capacity 34758K, committed 34864K, reserved 1079296K
  class space    used 4059K, capacity 4194K, committed 4224K, reserved 1048576K
}
Event: 25.900 GC heap before
{Heap before GC invocations=11 (full 0):
 garbage-first heap   total 48128K, used 21600K [0x00000000c2000000, 0x0000000100000000)
  region size 1024K, 6 young (6144K), 1 survivors (1024K)
 Metaspace       used 35469K, capacity 35846K, committed 35920K, reserved 1081344K
  class space    used 4182K, capacity 4322K, committed 4352K, reserved 1048576K
}
Event: 25.902 GC heap after
{Heap after GC invocations=12 (full 0):
 garbage-first heap   total 48128K, used 18792K [0x00000000c2000000, 0x0000000100000000)
  region size 1024K, 2 young (2048K), 2 survivors (2048K)
 Metaspace       used 35469K, capacity 35846K, committed 35920K, reserved 1081344K
  class space    used 4182K, capacity 4322K, committed 4352K, reserved 1048576K
}

