# JRE version: Java(TM) SE Runtime Environment (15.0+36) (build 15+36-1562)
# Java VM: Java HotSpot(TM) 64-Bit Server VM (15+36-1562, mixed mode, sharing, tiered, compressed oops, parallel gc, windows-amd64)
GC Precious Log:
 CPUs: 4 total, 4 available
 Memory: 3964M
 Large Page Support: Disabled
 NUMA Support: Disabled
 Compressed Oops: Enabled (32-bit)
 Heap Min Capacity: 100M
 Heap Initial Capacity: 100M
 Heap Max Capacity: 1G
 Pre-touch: Disabled
 Parallel Workers: 4
Heap:
 PSYoungGen      total 22528K, used 20871K [0x00000000eab00000, 0x00000000ec700000, 0x0000000100000000)
  eden space 21504K, 92% used [0x00000000eab00000,0x00000000ebe69f10,0x00000000ec000000)
  from space 1024K, 96% used [0x00000000ec600000,0x00000000ec6f8010,0x00000000ec700000)
  to   space 2560K, 0% used [0x00000000ec380000,0x00000000ec380000,0x00000000ec600000)
 ParOldGen       total 68608K, used 31667K [0x00000000c0000000, 0x00000000c4300000, 0x00000000eab00000)
  object space 68608K, 46% used [0x00000000c0000000,0x00000000c1eeced8,0x00000000c4300000)
 Metaspace       used 42220K, capacity 44497K, committed 44584K, reserved 1089536K
  class space    used 4406K, capacity 5248K, committed 5248K, reserved 1048576K
GC Heap History (20 events):
Event: 21.847 GC heap before
{Heap before GC invocations=6 (full 1):
 PSYoungGen      total 29696K, used 28507K [0x00000000eab00000, 0x00000000ecc00000, 0x0000000100000000)
  eden space 25600K, 100% used [0x00000000eab00000,0x00000000ec400000,0x00000000ec400000)
  from space 4096K, 70% used [0x00000000ec800000,0x00000000ecad6d10,0x00000000ecc00000)
  to   space 4096K, 0% used [0x00000000ec400000,0x00000000ec400000,0x00000000ec800000)
 ParOldGen       total 68608K, used 10140K [0x00000000c0000000, 0x00000000c4300000, 0x00000000eab00000)
  object space 68608K, 14% used [0x00000000c0000000,0x00000000c09e7310,0x00000000c4300000)
 Metaspace       used 29524K, capacity 31066K, committed 31152K, reserved 1077248K
  class space    used 3019K, capacity 3549K, committed 3584K, reserved 1048576K
}
Event: 21.852 GC heap after
{Heap after GC invocations=6 (full 1):
 PSYoungGen      total 29184K, used 4067K [0x00000000eab00000, 0x00000000ecd80000, 0x0000000100000000)
  eden space 25088K, 0% used [0x00000000eab00000,0x00000000eab00000,0x00000000ec380000)
  from space 4096K, 99% used [0x00000000ec400000,0x00000000ec7f8eb0,0x00000000ec800000)
  to   space 5120K, 0% used [0x00000000ec880000,0x00000000ec880000,0x00000000ecd80000)
 ParOldGen       total 68608K, used 10748K [0x00000000c0000000, 0x00000000c4300000, 0x00000000eab00000)
  object space 68608K, 15% used [0x00000000c0000000,0x00000000c0a7f310,0x00000000c4300000)
 Metaspace       used 29524K, capacity 31066K, committed 31152K, reserved 1077248K
  class space    used 3019K, capacity 3549K, committed 3584K, reserved 1048576K
}
Event: 22.921 GC heap before
{Heap before GC invocations=7 (full 1):
 PSYoungGen      total 29184K, used 29155K [0x00000000eab00000, 0x00000000ecd80000, 0x0000000100000000)
  eden space 25088K, 100% used [0x00000000eab00000,0x00000000ec380000,0x00000000ec380000)
  from space 4096K, 99% used [0x00000000ec400000,0x00000000ec7f8eb0,0x00000000ec800000)
  to   space 5120K, 0% used [0x00000000ec880000,0x00000000ec880000,0x00000000ecd80000)
 ParOldGen       total 68608K, used 10748K [0x00000000c0000000, 0x00000000c4300000, 0x00000000eab00000)
  object space 68608K, 15% used [0x00000000c0000000,0x00000000c0a7f310,0x00000000c4300000)
 Metaspace       used 32507K, capacity 33999K, committed 34096K, reserved 1079296K
  class space    used 3319K, capacity 3872K, committed 3968K, reserved 1048576K
}
Event: 22.929 GC heap after
{Heap after GC invocations=7 (full 1):
 PSYoungGen      total 26624K, used 5100K [0x00000000eab00000, 0x00000000ed400000, 0x0000000100000000)
  eden space 21504K, 0% used [0x00000000eab00000,0x00000000eab00000,0x00000000ec000000)
  from space 5120K, 99% used [0x00000000ec880000,0x00000000ecd7b3b8,0x00000000ecd80000)
  to   space 8704K, 0% used [0x00000000ec000000,0x00000000ec000000,0x00000000ec880000)
 ParOldGen       total 68608K, used 13634K [0x00000000c0000000, 0x00000000c4300000, 0x00000000eab00000)
  object space 68608K, 19% used [0x00000000c0000000,0x00000000c0d50a60,0x00000000c4300000)
 Metaspace       used 32507K, capacity 33999K, committed 34096K, reserved 1079296K
  class space    used 3319K, capacity 3872K, committed 3968K, reserved 1048576K
}
Event: 23.599 GC heap before
{Heap before GC invocations=8 (full 1):
 PSYoungGen      total 26624K, used 9274K [0x00000000eab00000, 0x00000000ed400000, 0x0000000100000000)
  eden space 21504K, 19% used [0x00000000eab00000,0x00000000eaf135e0,0x00000000ec000000)
  from space 5120K, 99% used [0x00000000ec880000,0x00000000ecd7b3b8,0x00000000ecd80000)
  to   space 8704K, 0% used [0x00000000ec000000,0x00000000ec000000,0x00000000ec880000)
 ParOldGen       total 68608K, used 13634K [0x00000000c0000000, 0x00000000c4300000, 0x00000000eab00000)
  object space 68608K, 19% used [0x00000000c0000000,0x00000000c0d50a60,0x00000000c4300000)
 Metaspace       used 33603K, capacity 35333K, committed 35496K, reserved 1081344K
  class space    used 3438K, capacity 4035K, committed 4096K, reserved 1048576K
}
Event: 23.609 GC heap after
{Heap after GC invocations=8 (full 1):
 PSYoungGen      total 30208K, used 5601K [0x00000000eab00000, 0x00000000ed000000, 0x0000000100000000)
  eden space 21504K, 0% used [0x00000000eab00000,0x00000000eab00000,0x00000000ec000000)
  from space 8704K, 64% used [0x00000000ec000000,0x00000000ec5786e8,0x00000000ec880000)
  to   space 6656K, 0% used [0x00000000ec980000,0x00000000ec980000,0x00000000ed000000)
 ParOldGen       total 68608K, used 13642K [0x00000000c0000000, 0x00000000c4300000, 0x00000000eab00000)
  object space 68608K, 19% used [0x00000000c0000000,0x00000000c0d52a60,0x00000000c4300000)
 Metaspace       used 33603K, capacity 35333K, committed 35496K, reserved 1081344K
  class space    used 3438K, capacity 4035K, committed 4096K, reserved 1048576K
}
Event: 23.609 GC heap before
{Heap before GC invocations=9 (full 2):
 PSYoungGen      total 30208K, used 5601K [0x00000000eab00000, 0x00000000ed000000, 0x0000000100000000)
  eden space 21504K, 0% used [0x00000000eab00000,0x00000000eab00000,0x00000000ec000000)
  from space 8704K, 64% used [0x00000000ec000000,0x00000000ec5786e8,0x00000000ec880000)
  to   space 6656K, 0% used [0x00000000ec980000,0x00000000ec980000,0x00000000ed000000)
 ParOldGen       total 68608K, used 13642K [0x00000000c0000000, 0x00000000c4300000, 0x00000000eab00000)
  object space 68608K, 19% used [0x00000000c0000000,0x00000000c0d52a60,0x00000000c4300000)
 Metaspace       used 33603K, capacity 35333K, committed 35496K, reserved 1081344K
  class space    used 3438K, capacity 4035K, committed 4096K, reserved 1048576K
}
Event: 23.682 GC heap after
{Heap after GC invocations=9 (full 2):
 PSYoungGen      total 30208K, used 0K [0x00000000eab00000, 0x00000000ed000000, 0x0000000100000000)
  eden space 21504K, 0% used [0x00000000eab00000,0x00000000eab00000,0x00000000ec000000)
  from space 8704K, 0% used [0x00000000ec000000,0x00000000ec000000,0x00000000ec880000)
  to   space 6656K, 0% used [0x00000000ec980000,0x00000000ec980000,0x00000000ed000000)
 ParOldGen       total 68608K, used 17405K [0x00000000c0000000, 0x00000000c4300000, 0x00000000eab00000)
  object space 68608K, 25% used [0x00000000c0000000,0x00000000c10ff408,0x00000000c4300000)
 Metaspace       used 33603K, capacity 35333K, committed 35496K, reserved 1081344K
  class space    used 3438K, capacity 4035K, committed 4096K, reserved 1048576K
}
Event: 25.042 GC heap before
{Heap before GC invocations=10 (full 2):
 PSYoungGen      total 30208K, used 21504K [0x00000000eab00000, 0x00000000ed000000, 0x0000000100000000)
  eden space 21504K, 100% used [0x00000000eab00000,0x00000000ec000000,0x00000000ec000000)
  from space 8704K, 0% used [0x00000000ec000000,0x00000000ec000000,0x00000000ec880000)
  to   space 6656K, 0% used [0x00000000ec980000,0x00000000ec980000,0x00000000ed000000)
 ParOldGen       total 68608K, used 17405K [0x00000000c0000000, 0x00000000c4300000, 0x00000000eab00000)
  object space 68608K, 25% used [0x00000000c0000000,0x00000000c10ff408,0x00000000c4300000)
 Metaspace       used 37516K, capacity 39489K, committed 39720K, reserved 1085440K
  class space    used 3907K, capacity 4645K, committed 4736K, reserved 1048576K
}
Event: 25.047 GC heap after
{Heap after GC invocations=10 (full 2):
 PSYoungGen      total 23552K, used 1629K [0x00000000eab00000, 0x00000000ecb80000, 0x0000000100000000)
  eden space 21504K, 0% used [0x00000000eab00000,0x00000000eab00000,0x00000000ec000000)
  from space 2048K, 79% used [0x00000000ec980000,0x00000000ecb17638,0x00000000ecb80000)
  to   space 3584K, 0% used [0x00000000ec480000,0x00000000ec480000,0x00000000ec800000)
 ParOldGen       total 68608K, used 17413K [0x00000000c0000000, 0x00000000c4300000, 0x00000000eab00000)
  object space 68608K, 25% used [0x00000000c0000000,0x00000000c1101408,0x00000000c4300000)
 Metaspace       used 37516K, capacity 39489K, committed 39720K, reserved 1085440K
  class space    used 3907K, capacity 4645K, committed 4736K, reserved 1048576K
}
Event: 27.225 GC heap before
{Heap before GC invocations=11 (full 2):
 PSYoungGen      total 23552K, used 23133K [0x00000000eab00000, 0x00000000ecb80000, 0x0000000100000000)
  eden space 21504K, 100% used [0x00000000eab00000,0x00000000ec000000,0x00000000ec000000)
  from space 2048K, 79% used [0x00000000ec980000,0x00000000ecb17638,0x00000000ecb80000)
  to   space 3584K, 0% used [0x00000000ec480000,0x00000000ec480000,0x00000000ec800000)
 ParOldGen       total 68608K, used 17413K [0x00000000c0000000, 0x00000000c4300000, 0x00000000eab00000)
  object space 68608K, 25% used [0x00000000c0000000,0x00000000c1101408,0x00000000c4300000)
 Metaspace       used 41503K, capacity 43793K, committed 44072K, reserved 1087488K
  class space    used 4336K, capacity 5184K, committed 5248K, reserved 1048576K
}
Event: 27.231 GC heap after
{Heap after GC invocations=11 (full 2):
 PSYoungGen      total 25088K, used 3569K [0x00000000eab00000, 0x00000000eca00000, 0x0000000100000000)
  eden space 21504K, 0% used [0x00000000eab00000,0x00000000eab00000,0x00000000ec000000)
  from space 3584K, 99% used [0x00000000ec480000,0x00000000ec7fc470,0x00000000ec800000)
  to   space 2048K, 0% used [0x00000000ec800000,0x00000000ec800000,0x00000000eca00000)
 ParOldGen       total 68608K, used 18173K [0x00000000c0000000, 0x00000000c4300000, 0x00000000eab00000)
  object space 68608K, 26% used [0x00000000c0000000,0x00000000c11bf508,0x00000000c4300000)
 Metaspace       used 41503K, capacity 43793K, committed 44072K, reserved 1087488K
  class space    used 4336K, capacity 5184K, committed 5248K, reserved 1048576K
}
Event: 27.413 GC heap before
{Heap before GC invocations=12 (full 2):
 PSYoungGen      total 25088K, used 25073K [0x00000000eab00000, 0x00000000eca00000, 0x0000000100000000)
  eden space 21504K, 100% used [0x00000000eab00000,0x00000000ec000000,0x00000000ec000000)
  from space 3584K, 99% used [0x00000000ec480000,0x00000000ec7fc470,0x00000000ec800000)
  to   space 2048K, 0% used [0x00000000ec800000,0x00000000ec800000,0x00000000eca00000)
 ParOldGen       total 68608K, used 18173K [0x00000000c0000000, 0x00000000c4300000, 0x00000000eab00000)
  object space 68608K, 26% used [0x00000000c0000000,0x00000000c11bf508,0x00000000c4300000)
 Metaspace       used 41849K, capacity 44113K, committed 44328K, reserved 1089536K
  class space    used 4380K, capacity 5184K, committed 5248K, reserved 1048576K
}
Event: 27.422 GC heap after
{Heap after GC invocations=12 (full 2):
 PSYoungGen      total 23552K, used 2019K [0x00000000eab00000, 0x00000000eca00000, 0x0000000100000000)
  eden space 21504K, 0% used [0x00000000eab00000,0x00000000eab00000,0x00000000ec000000)
  from space 2048K, 98% used [0x00000000ec800000,0x00000000ec9f8d10,0x00000000eca00000)
  to   space 3584K, 0% used [0x00000000ec480000,0x00000000ec480000,0x00000000ec800000)
 ParOldGen       total 68608K, used 21718K [0x00000000c0000000, 0x00000000c4300000, 0x00000000eab00000)
  object space 68608K, 31% used [0x00000000c0000000,0x00000000c1535828,0x00000000c4300000)
 Metaspace       used 41849K, capacity 44113K, committed 44328K, reserved 1089536K
  class space    used 4380K, capacity 5184K, committed 5248K, reserved 1048576K
}
Event: 27.529 GC heap before
{Heap before GC invocations=13 (full 2):
 PSYoungGen      total 23552K, used 23523K [0x00000000eab00000, 0x00000000eca00000, 0x0000000100000000)
  eden space 21504K, 100% used [0x00000000eab00000,0x00000000ec000000,0x00000000ec000000)
  from space 2048K, 98% used [0x00000000ec800000,0x00000000ec9f8d10,0x00000000eca00000)
  to   space 3584K, 0% used [0x00000000ec480000,0x00000000ec480000,0x00000000ec800000)
 ParOldGen       total 68608K, used 21718K [0x00000000c0000000, 0x00000000c4300000, 0x00000000eab00000)
  object space 68608K, 31% used [0x00000000c0000000,0x00000000c1535828,0x00000000c4300000)
 Metaspace       used 41896K, capacity 44177K, committed 44328K, reserved 1089536K
  class space    used 4380K, capacity 5184K, committed 5248K, reserved 1048576K
}
Event: 27.535 GC heap after
{Heap after GC invocations=13 (full 2):
 PSYoungGen      total 23552K, used 2016K [0x00000000eab00000, 0x00000000ec880000, 0x0000000100000000)
  eden space 21504K, 0% used [0x00000000eab00000,0x00000000eab00000,0x00000000ec000000)
  from space 2048K, 98% used [0x00000000ec480000,0x00000000ec678010,0x00000000ec680000)
  to   space 2048K, 0% used [0x00000000ec680000,0x00000000ec680000,0x00000000ec880000)
 ParOldGen       total 68608K, used 23692K [0x00000000c0000000, 0x00000000c4300000, 0x00000000eab00000)
  object space 68608K, 34% used [0x00000000c0000000,0x00000000c1723158,0x00000000c4300000)
 Metaspace       used 41896K, capacity 44177K, committed 44328K, reserved 1089536K
  class space    used 4380K, capacity 5184K, committed 5248K, reserved 1048576K
}
Event: 27.624 GC heap before
{Heap before GC invocations=14 (full 2):
 PSYoungGen      total 23552K, used 23520K [0x00000000eab00000, 0x00000000ec880000, 0x0000000100000000)
  eden space 21504K, 100% used [0x00000000eab00000,0x00000000ec000000,0x00000000ec000000)
  from space 2048K, 98% used [0x00000000ec480000,0x00000000ec678010,0x00000000ec680000)
  to   space 2048K, 0% used [0x00000000ec680000,0x00000000ec680000,0x00000000ec880000)
 ParOldGen       total 68608K, used 23692K [0x00000000c0000000, 0x00000000c4300000, 0x00000000eab00000)
  object space 68608K, 34% used [0x00000000c0000000,0x00000000c1723158,0x00000000c4300000)
 Metaspace       used 41960K, capacity 44273K, committed 44328K, reserved 1089536K
  class space    used 4388K, capacity 5216K, committed 5248K, reserved 1048576K
}
Event: 27.630 GC heap after
{Heap after GC invocations=14 (full 2):
 PSYoungGen      total 23552K, used 2004K [0x00000000eab00000, 0x00000000ec880000, 0x0000000100000000)
  eden space 21504K, 0% used [0x00000000eab00000,0x00000000eab00000,0x00000000ec000000)
  from space 2048K, 97% used [0x00000000ec680000,0x00000000ec875118,0x00000000ec880000)
  to   space 2560K, 0% used [0x00000000ec380000,0x00000000ec380000,0x00000000ec600000)
 ParOldGen       total 68608K, used 26164K [0x00000000c0000000, 0x00000000c4300000, 0x00000000eab00000)
  object space 68608K, 38% used [0x00000000c0000000,0x00000000c198d178,0x00000000c4300000)
 Metaspace       used 41960K, capacity 44273K, committed 44328K, reserved 1089536K
  class space    used 4388K, capacity 5216K, committed 5248K, reserved 1048576K
}
Event: 27.677 GC heap before
{Heap before GC invocations=15 (full 2):
 PSYoungGen      total 23552K, used 23508K [0x00000000eab00000, 0x00000000ec880000, 0x0000000100000000)
  eden space 21504K, 100% used [0x00000000eab00000,0x00000000ec000000,0x00000000ec000000)
  from space 2048K, 97% used [0x00000000ec680000,0x00000000ec875118,0x00000000ec880000)
  to   space 2560K, 0% used [0x00000000ec380000,0x00000000ec380000,0x00000000ec600000)
 ParOldGen       total 68608K, used 26164K [0x00000000c0000000, 0x00000000c4300000, 0x00000000eab00000)
  object space 68608K, 38% used [0x00000000c0000000,0x00000000c198d178,0x00000000c4300000)
 Metaspace       used 41960K, capacity 44273K, committed 44328K, reserved 1089536K
  class space    used 4388K, capacity 5216K, committed 5248K, reserved 1048576K
}
Event: 27.683 GC heap after
{Heap after GC invocations=15 (full 2):
 PSYoungGen      total 24064K, used 2176K [0x00000000eab00000, 0x00000000ec700000, 0x0000000100000000)
  eden space 21504K, 0% used [0x00000000eab00000,0x00000000eab00000,0x00000000ec000000)
  from space 2560K, 85% used [0x00000000ec380000,0x00000000ec5a0000,0x00000000ec600000)
  to   space 1024K, 0% used [0x00000000ec600000,0x00000000ec600000,0x00000000ec700000)
 ParOldGen       total 68608K, used 28085K [0x00000000c0000000, 0x00000000c4300000, 0x00000000eab00000)
  object space 68608K, 40% used [0x00000000c0000000,0x00000000c1b6d658,0x00000000c4300000)
 Metaspace       used 41960K, capacity 44273K, committed 44328K, reserved 1089536K
  class space    used 4388K, capacity 5216K, committed 5248K, reserved 1048576K
}

