# JRE version: Java(TM) SE Runtime Environment (15.0+36) (build 15+36-1562)
# Java VM: Java HotSpot(TM) 64-Bit Server VM (15+36-1562, mixed mode, sharing, tiered, compressed oops, g1 gc, windows-amd64)
GC Precious Log:
 CPUs: 4 total, 4 available
 Memory: 3964M
 Large Page Support: Disabled
 NUMA Support: Disabled
 Compressed Oops: Enabled (32-bit)
 Heap Region Size: 1M
 Heap Min Capacity: 8M
 Heap Initial Capacity: 62M
 Heap Max Capacity: 992M
 Pre-touch: Disabled
 Parallel Workers: 4
 Concurrent Workers: 1
 Concurrent Refinement Workers: 4
 Periodic GC: Disabled
Heap:
 garbage-first heap   total 65536K, used 43601K [0x00000000c2000000, 0x0000000100000000)
  region size 1024K, 18 young (18432K), 2 survivors (2048K)
 Metaspace       used 56770K, capacity 57444K, committed 57552K, reserved 1099776K
  class space    used 6569K, capacity 6767K, committed 6784K, reserved 1048576K
GC Heap History (20 events):
Event: 23.057 GC heap before
{Heap before GC invocations=13 (full 0):
 garbage-first heap   total 65536K, used 51316K [0x00000000c2000000, 0x0000000100000000)
  region size 1024K, 33 young (33792K), 1 survivors (1024K)
 Metaspace       used 44001K, capacity 44483K, committed 44624K, reserved 1089536K
  class space    used 5198K, capacity 5337K, committed 5376K, reserved 1048576K
}
Event: 23.062 GC heap after
{Heap after GC invocations=14 (full 0):
 garbage-first heap   total 65536K, used 21253K [0x00000000c2000000, 0x0000000100000000)
  region size 1024K, 4 young (4096K), 4 survivors (4096K)
 Metaspace       used 44001K, capacity 44483K, committed 44624K, reserved 1089536K
  class space    used 5198K, capacity 5337K, committed 5376K, reserved 1048576K
}
Event: 26.333 GC heap before
{Heap before GC invocations=14 (full 0):
 garbage-first heap   total 65536K, used 49925K [0x00000000c2000000, 0x0000000100000000)
  region size 1024K, 33 young (33792K), 4 survivors (4096K)
 Metaspace       used 53513K, capacity 54050K, committed 54224K, reserved 1097728K
  class space    used 6297K, capacity 6448K, committed 6528K, reserved 1048576K
}
Event: 26.340 GC heap after
{Heap after GC invocations=15 (full 0):
 garbage-first heap   total 65536K, used 24095K [0x00000000c2000000, 0x0000000100000000)
  region size 1024K, 3 young (3072K), 3 survivors (3072K)
 Metaspace       used 53513K, capacity 54050K, committed 54224K, reserved 1097728K
  class space    used 6297K, capacity 6448K, committed 6528K, reserved 1048576K
}
Event: 374.968 GC heap before
{Heap before GC invocations=15 (full 0):
 garbage-first heap   total 65536K, used 51743K [0x00000000c2000000, 0x0000000100000000)
  region size 1024K, 30 young (30720K), 3 survivors (3072K)
 Metaspace       used 54755K, capacity 55318K, committed 55632K, reserved 1097728K
  class space    used 6381K, capacity 6561K, committed 6656K, reserved 1048576K
}
Event: 374.972 GC heap after
{Heap after GC invocations=16 (full 0):
 garbage-first heap   total 65536K, used 25906K [0x00000000c2000000, 0x0000000100000000)
  region size 1024K, 2 young (2048K), 2 survivors (2048K)
 Metaspace       used 54755K, capacity 55318K, committed 55632K, reserved 1097728K
  class space    used 6381K, capacity 6561K, committed 6656K, reserved 1048576K
}
Event: 708.615 GC heap before
{Heap before GC invocations=16 (full 0):
 garbage-first heap   total 65536K, used 51506K [0x00000000c2000000, 0x0000000100000000)
  region size 1024K, 27 young (27648K), 2 survivors (2048K)
 Metaspace       used 55340K, capacity 55932K, committed 56144K, reserved 1099776K
  class space    used 6416K, capacity 6594K, committed 6656K, reserved 1048576K
}
Event: 708.619 GC heap after
{Heap after GC invocations=17 (full 0):
 garbage-first heap   total 65536K, used 27280K [0x00000000c2000000, 0x0000000100000000)
  region size 1024K, 4 young (4096K), 4 survivors (4096K)
 Metaspace       used 55340K, capacity 55932K, committed 56144K, reserved 1099776K
  class space    used 6416K, capacity 6594K, committed 6656K, reserved 1048576K
}
Event: 997.912 GC heap before
{Heap before GC invocations=17 (full 0):
 garbage-first heap   total 65536K, used 50832K [0x00000000c2000000, 0x0000000100000000)
  region size 1024K, 27 young (27648K), 4 survivors (4096K)
 Metaspace       used 56363K, capacity 57042K, committed 57296K, reserved 1099776K
  class space    used 6554K, capacity 6763K, committed 6784K, reserved 1048576K
}
Event: 997.916 GC heap after
{Heap after GC invocations=18 (full 0):
 garbage-first heap   total 65536K, used 28434K [0x00000000c2000000, 0x0000000100000000)
  region size 1024K, 3 young (3072K), 3 survivors (3072K)
 Metaspace       used 56363K, capacity 57042K, committed 57296K, reserved 1099776K
  class space    used 6554K, capacity 6763K, committed 6784K, reserved 1048576K
}
Event: 1353.545 GC heap before
{Heap before GC invocations=18 (full 0):
 garbage-first heap   total 65536K, used 51986K [0x00000000c2000000, 0x0000000100000000)
  region size 1024K, 26 young (26624K), 3 survivors (3072K)
 Metaspace       used 56651K, capacity 57380K, committed 57552K, reserved 1099776K
  class space    used 6565K, capacity 6767K, committed 6784K, reserved 1048576K
}
Event: 1353.549 GC heap after
{Heap after GC invocations=19 (full 0):
 garbage-first heap   total 65536K, used 28548K [0x00000000c2000000, 0x0000000100000000)
  region size 1024K, 2 young (2048K), 2 survivors (2048K)
 Metaspace       used 56651K, capacity 57380K, committed 57552K, reserved 1099776K
  class space    used 6565K, capacity 6767K, committed 6784K, reserved 1048576K
}
Event: 1776.338 GC heap before
{Heap before GC invocations=19 (full 0):
 garbage-first heap   total 65536K, used 53124K [0x00000000c2000000, 0x0000000100000000)
  region size 1024K, 26 young (26624K), 2 survivors (2048K)
 Metaspace       used 56654K, capacity 57380K, committed 57552K, reserved 1099776K
  class space    used 6565K, capacity 6767K, committed 6784K, reserved 1048576K
}
Event: 1776.341 GC heap after
{Heap after GC invocations=20 (full 0):
 garbage-first heap   total 65536K, used 28335K [0x00000000c2000000, 0x0000000100000000)
  region size 1024K, 2 young (2048K), 2 survivors (2048K)
 Metaspace       used 56654K, capacity 57380K, committed 57552K, reserved 1099776K
  class space    used 6565K, capacity 6767K, committed 6784K, reserved 1048576K
}
Event: 2200.132 GC heap before
{Heap before GC invocations=20 (full 0):
 garbage-first heap   total 65536K, used 52911K [0x00000000c2000000, 0x0000000100000000)
  region size 1024K, 26 young (26624K), 2 survivors (2048K)
 Metaspace       used 56660K, capacity 57380K, committed 57552K, reserved 1099776K
  class space    used 6565K, capacity 6767K, committed 6784K, reserved 1048576K
}
Event: 2200.134 GC heap after
{Heap after GC invocations=21 (full 0):
 garbage-first heap   total 65536K, used 28195K [0x00000000c2000000, 0x0000000100000000)
  region size 1024K, 1 young (1024K), 1 survivors (1024K)
 Metaspace       used 56660K, capacity 57380K, committed 57552K, reserved 1099776K
  class space    used 6565K, capacity 6767K, committed 6784K, reserved 1048576K
}
Event: 2657.446 GC heap before
{Heap before GC invocations=21 (full 0):
 garbage-first heap   total 65536K, used 54819K [0x00000000c2000000, 0x0000000100000000)
  region size 1024K, 27 young (27648K), 1 survivors (1024K)
 Metaspace       used 56696K, capacity 57380K, committed 57552K, reserved 1099776K
  class space    used 6565K, capacity 6767K, committed 6784K, reserved 1048576K
}
Event: 2657.449 GC heap after
{Heap after GC invocations=22 (full 0):
 garbage-first heap   total 65536K, used 28195K [0x00000000c2000000, 0x0000000100000000)
  region size 1024K, 1 young (1024K), 1 survivors (1024K)
 Metaspace       used 56696K, capacity 57380K, committed 57552K, reserved 1099776K
  class space    used 6565K, capacity 6767K, committed 6784K, reserved 1048576K
}
Event: 3134.908 GC heap before
{Heap before GC invocations=22 (full 0):
 garbage-first heap   total 65536K, used 55843K [0x00000000c2000000, 0x0000000100000000)
  region size 1024K, 28 young (28672K), 1 survivors (1024K)
 Metaspace       used 56715K, capacity 57380K, committed 57552K, reserved 1099776K
  class space    used 6569K, capacity 6767K, committed 6784K, reserved 1048576K
}
Event: 3135.013 GC heap after
{Heap after GC invocations=23 (full 0):
 garbage-first heap   total 65536K, used 28241K [0x00000000c2000000, 0x0000000100000000)
  region size 1024K, 2 young (2048K), 2 survivors (2048K)
 Metaspace       used 56715K, capacity 57380K, committed 57552K, reserved 1099776K
  class space    used 6569K, capacity 6767K, committed 6784K, reserved 1048576K
}

