# JRE version: Java(TM) SE Runtime Environment (15.0+36) (build 15+36-1562)
# Java VM: Java HotSpot(TM) 64-Bit Server VM (15+36-1562, mixed mode, sharing, tiered, compressed oops, parallel gc, windows-amd64)
GC Precious Log:
 CPUs: 4 total, 4 available
 Memory: 3964M
 Large Page Support: Disabled
 NUMA Support: Disabled
 Compressed Oops: Enabled (32-bit)
 Heap Min Capacity: 100M
 Heap Initial Capacity: 100M
 Heap Max Capacity: 1G
 Pre-touch: Disabled
 Parallel Workers: 4
Heap:
 PSYoungGen      total 30208K, used 21042K [0x00000000eab00000, 0x00000000ed400000, 0x0000000100000000)
  eden space 24064K, 87% used [0x00000000eab00000,0x00000000ebf8ca78,0x00000000ec280000)
  from space 6144K, 0% used [0x00000000ec280000,0x00000000ec280000,0x00000000ec880000)
  to   space 8704K, 0% used [0x00000000ecb80000,0x00000000ecb80000,0x00000000ed400000)
 ParOldGen       total 68608K, used 17217K [0x00000000c0000000, 0x00000000c4300000, 0x00000000eab00000)
  object space 68608K, 25% used [0x00000000c0000000,0x00000000c10d0720,0x00000000c4300000)
 Metaspace       used 38747K, capacity 41064K, committed 41128K, reserved 1085440K
  class space    used 4059K, capacity 4851K, committed 4864K, reserved 1048576K
GC Heap History (18 events):
Event: 2.111 GC heap before
{Heap before GC invocations=1 (full 0):
 PSYoungGen      total 29696K, used 25600K [0x00000000eab00000, 0x00000000ecc00000, 0x0000000100000000)
  eden space 25600K, 100% used [0x00000000eab00000,0x00000000ec400000,0x00000000ec400000)
  from space 4096K, 0% used [0x00000000ec800000,0x00000000ec800000,0x00000000ecc00000)
  to   space 4096K, 0% used [0x00000000ec400000,0x00000000ec400000,0x00000000ec800000)
 ParOldGen       total 68608K, used 0K [0x00000000c0000000, 0x00000000c4300000, 0x00000000eab00000)
  object space 68608K, 0% used [0x00000000c0000000,0x00000000c0000000,0x00000000c4300000)
 Metaspace       used 7016K, capacity 7397K, committed 7680K, reserved 1056768K
  class space    used 670K, capacity 722K, committed 768K, reserved 1048576K
}
Event: 2.123 GC heap after
{Heap after GC invocations=1 (full 0):
 PSYoungGen      total 29696K, used 4066K [0x00000000eab00000, 0x00000000ecc00000, 0x0000000100000000)
  eden space 25600K, 0% used [0x00000000eab00000,0x00000000eab00000,0x00000000ec400000)
  from space 4096K, 99% used [0x00000000ec400000,0x00000000ec7f8b90,0x00000000ec800000)
  to   space 4096K, 0% used [0x00000000ec800000,0x00000000ec800000,0x00000000ecc00000)
 ParOldGen       total 68608K, used 432K [0x00000000c0000000, 0x00000000c4300000, 0x00000000eab00000)
  object space 68608K, 0% used [0x00000000c0000000,0x00000000c006c020,0x00000000c4300000)
 Metaspace       used 7016K, capacity 7397K, committed 7680K, reserved 1056768K
  class space    used 670K, capacity 722K, committed 768K, reserved 1048576K
}
Event: 3.897 GC heap before
{Heap before GC invocations=2 (full 0):
 PSYoungGen      total 29696K, used 29666K [0x00000000eab00000, 0x00000000ecc00000, 0x0000000100000000)
  eden space 25600K, 100% used [0x00000000eab00000,0x00000000ec400000,0x00000000ec400000)
  from space 4096K, 99% used [0x00000000ec400000,0x00000000ec7f8b90,0x00000000ec800000)
  to   space 4096K, 0% used [0x00000000ec800000,0x00000000ec800000,0x00000000ecc00000)
 ParOldGen       total 68608K, used 432K [0x00000000c0000000, 0x00000000c4300000, 0x00000000eab00000)
  object space 68608K, 0% used [0x00000000c0000000,0x00000000c006c020,0x00000000c4300000)
 Metaspace       used 13946K, capacity 14699K, committed 14976K, reserved 1062912K
  class space    used 1345K, capacity 1610K, committed 1664K, reserved 1048576K
}
Event: 3.913 GC heap after
{Heap after GC invocations=2 (full 0):
 PSYoungGen      total 29696K, used 4084K [0x00000000eab00000, 0x00000000ecc00000, 0x0000000100000000)
  eden space 25600K, 0% used [0x00000000eab00000,0x00000000eab00000,0x00000000ec400000)
  from space 4096K, 99% used [0x00000000ec800000,0x00000000ecbfd180,0x00000000ecc00000)
  to   space 4096K, 0% used [0x00000000ec400000,0x00000000ec400000,0x00000000ec800000)
 ParOldGen       total 68608K, used 5277K [0x00000000c0000000, 0x00000000c4300000, 0x00000000eab00000)
  object space 68608K, 7% used [0x00000000c0000000,0x00000000c0527610,0x00000000c4300000)
 Metaspace       used 13946K, capacity 14699K, committed 14976K, reserved 1062912K
  class space    used 1345K, capacity 1610K, committed 1664K, reserved 1048576K
}
Event: 4.503 GC heap before
{Heap before GC invocations=3 (full 0):
 PSYoungGen      total 29696K, used 26381K [0x00000000eab00000, 0x00000000ecc00000, 0x0000000100000000)
  eden space 25600K, 87% used [0x00000000eab00000,0x00000000ec0c65d8,0x00000000ec400000)
  from space 4096K, 99% used [0x00000000ec800000,0x00000000ecbfd180,0x00000000ecc00000)
  to   space 4096K, 0% used [0x00000000ec400000,0x00000000ec400000,0x00000000ec800000)
 ParOldGen       total 68608K, used 5277K [0x00000000c0000000, 0x00000000c4300000, 0x00000000eab00000)
  object space 68608K, 7% used [0x00000000c0000000,0x00000000c0527610,0x00000000c4300000)
 Metaspace       used 20370K, capacity 21200K, committed 21296K, reserved 1069056K
  class space    used 1822K, capacity 2114K, committed 2176K, reserved 1048576K
}
Event: 4.512 GC heap after
{Heap after GC invocations=3 (full 0):
 PSYoungGen      total 29696K, used 4072K [0x00000000eab00000, 0x00000000ecc00000, 0x0000000100000000)
  eden space 25600K, 0% used [0x00000000eab00000,0x00000000eab00000,0x00000000ec400000)
  from space 4096K, 99% used [0x00000000ec400000,0x00000000ec7fa0f0,0x00000000ec800000)
  to   space 4096K, 0% used [0x00000000ec800000,0x00000000ec800000,0x00000000ecc00000)
 ParOldGen       total 68608K, used 6373K [0x00000000c0000000, 0x00000000c4300000, 0x00000000eab00000)
  object space 68608K, 9% used [0x00000000c0000000,0x00000000c06394d8,0x00000000c4300000)
 Metaspace       used 20370K, capacity 21200K, committed 21296K, reserved 1069056K
  class space    used 1822K, capacity 2114K, committed 2176K, reserved 1048576K
}
Event: 4.512 GC heap before
{Heap before GC invocations=4 (full 1):
 PSYoungGen      total 29696K, used 4072K [0x00000000eab00000, 0x00000000ecc00000, 0x0000000100000000)
  eden space 25600K, 0% used [0x00000000eab00000,0x00000000eab00000,0x00000000ec400000)
  from space 4096K, 99% used [0x00000000ec400000,0x00000000ec7fa0f0,0x00000000ec800000)
  to   space 4096K, 0% used [0x00000000ec800000,0x00000000ec800000,0x00000000ecc00000)
 ParOldGen       total 68608K, used 6373K [0x00000000c0000000, 0x00000000c4300000, 0x00000000eab00000)
  object space 68608K, 9% used [0x00000000c0000000,0x00000000c06394d8,0x00000000c4300000)
 Metaspace       used 20370K, capacity 21200K, committed 21296K, reserved 1069056K
  class space    used 1822K, capacity 2114K, committed 2176K, reserved 1048576K
}
Event: 4.562 GC heap after
{Heap after GC invocations=4 (full 1):
 PSYoungGen      total 29696K, used 0K [0x00000000eab00000, 0x00000000ecc00000, 0x0000000100000000)
  eden space 25600K, 0% used [0x00000000eab00000,0x00000000eab00000,0x00000000ec400000)
  from space 4096K, 0% used [0x00000000ec400000,0x00000000ec400000,0x00000000ec800000)
  to   space 4096K, 0% used [0x00000000ec800000,0x00000000ec800000,0x00000000ecc00000)
 ParOldGen       total 68608K, used 10227K [0x00000000c0000000, 0x00000000c4300000, 0x00000000eab00000)
  object space 68608K, 14% used [0x00000000c0000000,0x00000000c09fcd58,0x00000000c4300000)
 Metaspace       used 20370K, capacity 21200K, committed 21296K, reserved 1069056K
  class space    used 1822K, capacity 2114K, committed 2176K, reserved 1048576K
}
Event: 5.794 GC heap before
{Heap before GC invocations=5 (full 1):
 PSYoungGen      total 29696K, used 25600K [0x00000000eab00000, 0x00000000ecc00000, 0x0000000100000000)
  eden space 25600K, 100% used [0x00000000eab00000,0x00000000ec400000,0x00000000ec400000)
  from space 4096K, 0% used [0x00000000ec400000,0x00000000ec400000,0x00000000ec800000)
  to   space 4096K, 0% used [0x00000000ec800000,0x00000000ec800000,0x00000000ecc00000)
 ParOldGen       total 68608K, used 10227K [0x00000000c0000000, 0x00000000c4300000, 0x00000000eab00000)
  object space 68608K, 14% used [0x00000000c0000000,0x00000000c09fcd58,0x00000000c4300000)
 Metaspace       used 25323K, capacity 26625K, committed 26800K, reserved 1073152K
  class space    used 2478K, capacity 2946K, committed 3072K, reserved 1048576K
}
Event: 5.798 GC heap after
{Heap after GC invocations=5 (full 1):
 PSYoungGen      total 29696K, used 2577K [0x00000000eab00000, 0x00000000ecc00000, 0x0000000100000000)
  eden space 25600K, 0% used [0x00000000eab00000,0x00000000eab00000,0x00000000ec400000)
  from space 4096K, 62% used [0x00000000ec800000,0x00000000eca84670,0x00000000ecc00000)
  to   space 4096K, 0% used [0x00000000ec400000,0x00000000ec400000,0x00000000ec800000)
 ParOldGen       total 68608K, used 10235K [0x00000000c0000000, 0x00000000c4300000, 0x00000000eab00000)
  object space 68608K, 14% used [0x00000000c0000000,0x00000000c09fed58,0x00000000c4300000)
 Metaspace       used 25323K, capacity 26625K, committed 26800K, reserved 1073152K
  class space    used 2478K, capacity 2946K, committed 3072K, reserved 1048576K
}
Event: 6.495 GC heap before
{Heap before GC invocations=6 (full 1):
 PSYoungGen      total 29696K, used 28177K [0x00000000eab00000, 0x00000000ecc00000, 0x0000000100000000)
  eden space 25600K, 100% used [0x00000000eab00000,0x00000000ec400000,0x00000000ec400000)
  from space 4096K, 62% used [0x00000000ec800000,0x00000000eca84670,0x00000000ecc00000)
  to   space 4096K, 0% used [0x00000000ec400000,0x00000000ec400000,0x00000000ec800000)
 ParOldGen       total 68608K, used 10235K [0x00000000c0000000, 0x00000000c4300000, 0x00000000eab00000)
  object space 68608K, 14% used [0x00000000c0000000,0x00000000c09fed58,0x00000000c4300000)
 Metaspace       used 29270K, capacity 30807K, committed 30896K, reserved 1077248K
  class space    used 2996K, capacity 3549K, committed 3584K, reserved 1048576K
}
Event: 6.501 GC heap after
{Heap after GC invocations=6 (full 1):
 PSYoungGen      total 29184K, used 4067K [0x00000000eab00000, 0x00000000ecd80000, 0x0000000100000000)
  eden space 25088K, 0% used [0x00000000eab00000,0x00000000eab00000,0x00000000ec380000)
  from space 4096K, 99% used [0x00000000ec400000,0x00000000ec7f8ee8,0x00000000ec800000)
  to   space 5120K, 0% used [0x00000000ec880000,0x00000000ec880000,0x00000000ecd80000)
 ParOldGen       total 68608K, used 10491K [0x00000000c0000000, 0x00000000c4300000, 0x00000000eab00000)
  object space 68608K, 15% used [0x00000000c0000000,0x00000000c0a3ed58,0x00000000c4300000)
 Metaspace       used 29270K, capacity 30807K, committed 30896K, reserved 1077248K
  class space    used 2996K, capacity 3549K, committed 3584K, reserved 1048576K
}
Event: 7.088 GC heap before
{Heap before GC invocations=7 (full 1):
 PSYoungGen      total 29184K, used 29155K [0x00000000eab00000, 0x00000000ecd80000, 0x0000000100000000)
  eden space 25088K, 100% used [0x00000000eab00000,0x00000000ec380000,0x00000000ec380000)
  from space 4096K, 99% used [0x00000000ec400000,0x00000000ec7f8ee8,0x00000000ec800000)
  to   space 5120K, 0% used [0x00000000ec880000,0x00000000ec880000,0x00000000ecd80000)
 ParOldGen       total 68608K, used 10491K [0x00000000c0000000, 0x00000000c4300000, 0x00000000eab00000)
  object space 68608K, 15% used [0x00000000c0000000,0x00000000c0a3ed58,0x00000000c4300000)
 Metaspace       used 31578K, capacity 33057K, committed 33200K, reserved 1079296K
  class space    used 3219K, capacity 3800K, committed 3840K, reserved 1048576K
}
Event: 7.098 GC heap after
{Heap after GC invocations=7 (full 1):
 PSYoungGen      total 29184K, used 5118K [0x00000000eab00000, 0x00000000ecf00000, 0x0000000100000000)
  eden space 24064K, 0% used [0x00000000eab00000,0x00000000eab00000,0x00000000ec280000)
  from space 5120K, 99% used [0x00000000ec880000,0x00000000ecd7fb00,0x00000000ecd80000)
  to   space 6144K, 0% used [0x00000000ec280000,0x00000000ec280000,0x00000000ec880000)
 ParOldGen       total 68608K, used 10939K [0x00000000c0000000, 0x00000000c4300000, 0x00000000eab00000)
  object space 68608K, 15% used [0x00000000c0000000,0x00000000c0aaed58,0x00000000c4300000)
 Metaspace       used 31578K, capacity 33057K, committed 33200K, reserved 1079296K
  class space    used 3219K, capacity 3800K, committed 3840K, reserved 1048576K
}
Event: 7.369 GC heap before
{Heap before GC invocations=8 (full 1):
 PSYoungGen      total 29184K, used 13966K [0x00000000eab00000, 0x00000000ecf00000, 0x0000000100000000)
  eden space 24064K, 36% used [0x00000000eab00000,0x00000000eb3a3ef8,0x00000000ec280000)
  from space 5120K, 99% used [0x00000000ec880000,0x00000000ecd7fb00,0x00000000ecd80000)
  to   space 6144K, 0% used [0x00000000ec280000,0x00000000ec280000,0x00000000ec880000)
 ParOldGen       total 68608K, used 10939K [0x00000000c0000000, 0x00000000c4300000, 0x00000000eab00000)
  object space 68608K, 15% used [0x00000000c0000000,0x00000000c0aaed58,0x00000000c4300000)
 Metaspace       used 33702K, capacity 35348K, committed 35496K, reserved 1081344K
  class space    used 3449K, capacity 4045K, committed 4096K, reserved 1048576K
}
Event: 7.379 GC heap after
{Heap after GC invocations=8 (full 1):
 PSYoungGen      total 30208K, used 6140K [0x00000000eab00000, 0x00000000ed400000, 0x0000000100000000)
  eden space 24064K, 0% used [0x00000000eab00000,0x00000000eab00000,0x00000000ec280000)
  from space 6144K, 99% used [0x00000000ec280000,0x00000000ec87f1b8,0x00000000ec880000)
  to   space 8704K, 0% used [0x00000000ecb80000,0x00000000ecb80000,0x00000000ed400000)
 ParOldGen       total 68608K, used 12883K [0x00000000c0000000, 0x00000000c4300000, 0x00000000eab00000)
  object space 68608K, 18% used [0x00000000c0000000,0x00000000c0c94e28,0x00000000c4300000)
 Metaspace       used 33702K, capacity 35348K, committed 35496K, reserved 1081344K
  class space    used 3449K, capacity 4045K, committed 4096K, reserved 1048576K
}
Event: 7.379 GC heap before
{Heap before GC invocations=9 (full 2):
 PSYoungGen      total 30208K, used 6140K [0x00000000eab00000, 0x00000000ed400000, 0x0000000100000000)
  eden space 24064K, 0% used [0x00000000eab00000,0x00000000eab00000,0x00000000ec280000)
  from space 6144K, 99% used [0x00000000ec280000,0x00000000ec87f1b8,0x00000000ec880000)
  to   space 8704K, 0% used [0x00000000ecb80000,0x00000000ecb80000,0x00000000ed400000)
 ParOldGen       total 68608K, used 12883K [0x00000000c0000000, 0x00000000c4300000, 0x00000000eab00000)
  object space 68608K, 18% used [0x00000000c0000000,0x00000000c0c94e28,0x00000000c4300000)
 Metaspace       used 33702K, capacity 35348K, committed 35496K, reserved 1081344K
  class space    used 3449K, capacity 4045K, committed 4096K, reserved 1048576K
}
Event: 7.444 GC heap after
{Heap after GC invocations=9 (full 2):
 PSYoungGen      total 30208K, used 0K [0x00000000eab00000, 0x00000000ed400000, 0x0000000100000000)
  eden space 24064K, 0% used [0x00000000eab00000,0x00000000eab00000,0x00000000ec280000)
  from space 6144K, 0% used [0x00000000ec280000,0x00000000ec280000,0x00000000ec880000)
  to   space 8704K, 0% used [0x00000000ecb80000,0x00000000ecb80000,0x00000000ed400000)
 ParOldGen       total 68608K, used 17217K [0x00000000c0000000, 0x00000000c4300000, 0x00000000eab00000)
  object space 68608K, 25% used [0x00000000c0000000,0x00000000c10d0720,0x00000000c4300000)
 Metaspace       used 33702K, capacity 35348K, committed 35496K, reserved 1081344K
  class space    used 3449K, capacity 4045K, committed 4096K, reserved 1048576K
}

